#! /usr/bin/vvp
:ivl_version "10.3 (stable)";
:ivl_delay_selection "TYPICAL";
:vpi_time_precision - 12;
:vpi_module "system";
:vpi_module "vhdl_sys";
:vpi_module "v2005_math";
:vpi_module "va_math";
S_0x560e8f88d820 .scope module, "spi_controller_tb" "spi_controller_tb" 2 3;
 .timescale -12 -12;
P_0x560e8f88d9a0 .param/l "CMD_WRITE" 1 2 7, +C4<00000000000000000000000000000001>;
P_0x560e8f88d9e0 .param/l "N_BYTES" 1 2 5, +C4<00000000000000000000000000000010>;
P_0x560e8f88da20 .param/l "OUTPUT_BITS" 1 2 6, +C4<0000000000000000000000000000000000000000000000000000000000010000>;
v0x560e8f8aa8a0_0 .var "clk", 0 0;
v0x560e8f8aa990_0 .var "cs_n", 0 0;
v0x560e8f8aaa60_0 .net "data_ready", 0 0, v0x560e8f8a9e40_0;  1 drivers
v0x560e8f8aab60_0 .var "mosi", 0 0;
v0x560e8f8aac30_0 .var "tb_state", 256 0;
S_0x560e8f851030 .scope module, "spi_controller_dut" "spi_controller" 2 15, 3 11 0, S_0x560e8f88d820;
 .timescale 0 0;
    .port_info 0 /INPUT 1 "clk"
    .port_info 1 /INPUT 1 "mosi"
    .port_info 2 /INPUT 1 "cs_n"
    .port_info 3 /OUTPUT 1 "out_data_ready"
    .port_info 4 /OUTPUT 1 "ctl_data"
    .port_info 5 /OUTPUT 1 "ctl_shift"
    .port_info 6 /OUTPUT 1 "ctl_copy"
P_0x560e8f87aa20 .param/l "CMD_WRITE" 1 3 23, C4<00000001>;
P_0x560e8f87aa60 .param/l "FSM_FLUSHING" 1 3 28, C4<11>;
P_0x560e8f87aaa0 .param/l "FSM_IDLE" 1 3 25, C4<00>;
P_0x560e8f87aae0 .param/l "FSM_READING_CMD" 1 3 26, C4<01>;
P_0x560e8f87ab20 .param/l "FSM_STREAMING" 1 3 27, C4<10>;
P_0x560e8f87ab60 .param/l "OUTPUT_BITS" 0 3 12, +C4<00000000000000000000000000010000>;
L_0x560e8f88de10 .functor AND 1, v0x560e8f8aab60_0, v0x560e8f8a9fe0_0, C4<1>, C4<1>;
L_0x560e8f851540 .functor AND 1, v0x560e8f8aa8a0_0, v0x560e8f8a9fe0_0, C4<1>, C4<1>;
v0x560e8f87d220_0 .net "clk", 0 0, v0x560e8f8aa8a0_0;  1 drivers
v0x560e8f8a9780_0 .var "cmd_bit_count", 2 0;
v0x560e8f8a9860_0 .var "cmd_reg", 7 0;
v0x560e8f8a9950_0 .net "cs_n", 0 0, v0x560e8f8aa990_0;  1 drivers
v0x560e8f8a9a10_0 .var "ctl_copy", 0 0;
v0x560e8f8a9b20_0 .net "ctl_data", 0 0, L_0x560e8f88de10;  1 drivers
v0x560e8f8a9be0_0 .net "ctl_shift", 0 0, L_0x560e8f851540;  1 drivers
v0x560e8f8a9ca0_0 .var "fsm_state", 1 0;
v0x560e8f8a9d80_0 .net "mosi", 0 0, v0x560e8f8aab60_0;  1 drivers
v0x560e8f8a9e40_0 .var "out_data_ready", 0 0;
v0x560e8f8a9f00_0 .var "stream_bit_cnt", 4 0;
v0x560e8f8a9fe0_0 .var "stream_enable", 0 0;
E_0x560e8f886660 .event posedge, v0x560e8f87d220_0;
S_0x560e8f8aa180 .scope task, "tick" "tick" 2 22, 2 22 0, S_0x560e8f88d820;
 .timescale -12 -12;
TD_spi_controller_tb.tick ;
    %load/vec4 v0x560e8f8aa8a0_0;
    %inv;
    %store/vec4 v0x560e8f8aa8a0_0, 0, 1;
    %delay 5, 0;
    %load/vec4 v0x560e8f8aa8a0_0;
    %inv;
    %store/vec4 v0x560e8f8aa8a0_0, 0, 1;
    %delay 5, 0;
    %end;
S_0x560e8f8aa320 .scope task, "write_byte" "write_byte" 2 29, 2 29 0, S_0x560e8f88d820;
 .timescale -12 -12;
v0x560e8f8aa7a0_0 .var "data", 7 0;
TD_spi_controller_tb.write_byte ;
    %fork t_1, S_0x560e8f8aa4f0;
    %jmp t_0;
    .scope S_0x560e8f8aa4f0;
t_1 ;
    %pushi/vec4 0, 0, 32;
    %store/vec4 v0x560e8f8aa6c0_0, 0, 32;
T_1.0 ;
    %load/vec4 v0x560e8f8aa6c0_0;
    %cmpi/s 8, 0, 32;
    %jmp/0xz T_1.1, 5;
    %load/vec4 v0x560e8f8aa7a0_0;
    %load/vec4 v0x560e8f8aa6c0_0;
    %part/s 1;
    %store/vec4 v0x560e8f8aab60_0, 0, 1;
    %fork TD_spi_controller_tb.tick, S_0x560e8f8aa180;
    %join;
    %load/vec4 v0x560e8f8aa6c0_0;
    %addi 1, 0, 32;
    %store/vec4 v0x560e8f8aa6c0_0, 0, 32;
    %jmp T_1.0;
T_1.1 ;
    %end;
    .scope S_0x560e8f8aa320;
t_0 %join;
    %end;
S_0x560e8f8aa4f0 .scope begin, "write_byte_block" "write_byte_block" 2 31, 2 31 0, S_0x560e8f8aa320;
 .timescale -12 -12;
v0x560e8f8aa6c0_0 .var/i "i", 31 0;
    .scope S_0x560e8f851030;
T_2 ;
    %pushi/vec4 1, 0, 2;
    %store/vec4 v0x560e8f8a9ca0_0, 0, 2;
    %pushi/vec4 0, 0, 8;
    %store/vec4 v0x560e8f8a9860_0, 0, 8;
    %pushi/vec4 0, 0, 3;
    %store/vec4 v0x560e8f8a9780_0, 0, 3;
    %pushi/vec4 0, 0, 5;
    %store/vec4 v0x560e8f8a9f00_0, 0, 5;
    %pushi/vec4 0, 0, 1;
    %store/vec4 v0x560e8f8a9fe0_0, 0, 1;
    %pushi/vec4 0, 0, 1;
    %store/vec4 v0x560e8f8a9a10_0, 0, 1;
    %pushi/vec4 0, 0, 1;
    %store/vec4 v0x560e8f8a9e40_0, 0, 1;
    %end;
    .thread T_2;
    .scope S_0x560e8f851030;
T_3 ;
    %wait E_0x560e8f886660;
    %load/vec4 v0x560e8f8a9950_0;
    %pad/u 32;
    %cmpi/e 1, 0, 32;
    %jmp/0xz  T_3.0, 4;
    %pushi/vec4 1, 0, 2;
    %store/vec4 v0x560e8f8a9ca0_0, 0, 2;
    %pushi/vec4 0, 0, 1;
    %store/vec4 v0x560e8f8a9e40_0, 0, 1;
    %pushi/vec4 0, 0, 3;
    %store/vec4 v0x560e8f8a9780_0, 0, 3;
    %jmp T_3.1;
T_3.0 ;
    %load/vec4 v0x560e8f8a9ca0_0;
    %dup/vec4;
    %pushi/vec4 1, 0, 2;
    %cmp/u;
    %jmp/1 T_3.2, 6;
    %dup/vec4;
    %pushi/vec4 2, 0, 2;
    %cmp/u;
    %jmp/1 T_3.3, 6;
    %dup/vec4;
    %pushi/vec4 3, 0, 2;
    %cmp/u;
    %jmp/1 T_3.4, 6;
    %jmp T_3.5;
T_3.2 ;
    %load/vec4 v0x560e8f8a9780_0;
    %pad/u 32;
    %cmpi/e 7, 0, 32;
    %jmp/0xz  T_3.6, 4;
    %pushi/vec4 0, 0, 3;
    %store/vec4 v0x560e8f8a9780_0, 0, 3;
    %pushi/vec4 2, 0, 2;
    %store/vec4 v0x560e8f8a9ca0_0, 0, 2;
    %jmp T_3.7;
T_3.6 ;
    %load/vec4 v0x560e8f8a9d80_0;
    %ix/getv 4, v0x560e8f8a9780_0;
    %store/vec4 v0x560e8f8a9860_0, 4, 1;
    %load/vec4 v0x560e8f8a9780_0;
    %addi 1, 0, 3;
    %store/vec4 v0x560e8f8a9780_0, 0, 3;
T_3.7 ;
    %jmp T_3.5;
T_3.3 ;
    %load/vec4 v0x560e8f8a9f00_0;
    %pad/u 32;
    %cmpi/e 15, 0, 32;
    %jmp/0xz  T_3.8, 4;
    %pushi/vec4 0, 0, 5;
    %store/vec4 v0x560e8f8a9f00_0, 0, 5;
    %pushi/vec4 0, 0, 1;
    %store/vec4 v0x560e8f8a9fe0_0, 0, 1;
    %pushi/vec4 1, 0, 1;
    %store/vec4 v0x560e8f8a9a10_0, 0, 1;
    %pushi/vec4 3, 0, 2;
    %store/vec4 v0x560e8f8a9ca0_0, 0, 2;
    %jmp T_3.9;
T_3.8 ;
    %pushi/vec4 1, 0, 1;
    %store/vec4 v0x560e8f8a9fe0_0, 0, 1;
    %load/vec4 v0x560e8f8a9f00_0;
    %addi 1, 0, 5;
    %store/vec4 v0x560e8f8a9f00_0, 0, 5;
T_3.9 ;
    %jmp T_3.5;
T_3.4 ;
    %pushi/vec4 0, 0, 1;
    %store/vec4 v0x560e8f8a9a10_0, 0, 1;
    %pushi/vec4 1, 0, 2;
    %store/vec4 v0x560e8f8a9ca0_0, 0, 2;
    %jmp T_3.5;
T_3.5 ;
    %pop/vec4 1;
T_3.1 ;
    %jmp T_3;
    .thread T_3;
    .scope S_0x560e8f88d820;
T_4 ;
    %vpi_call 2 53 "$dumpfile", "./signals/signals.vcd" {0 0 0};
    %vpi_call 2 53 "$dumpvars" {0 0 0};
    %pushi/vec4 2463945448, 0, 194;
    %concati/vec4 3535984850, 0, 32;
    %concati/vec4 2053729895, 0, 31;
    %store/vec4 v0x560e8f8aac30_0, 0, 257;
    %pushi/vec4 0, 0, 1;
    %store/vec4 v0x560e8f8aa8a0_0, 0, 1;
    %pushi/vec4 0, 0, 1;
    %store/vec4 v0x560e8f8aab60_0, 0, 1;
    %pushi/vec4 1, 0, 1;
    %store/vec4 v0x560e8f8aa990_0, 0, 1;
    %delay 10, 0;
    %pushi/vec4 2934231784, 0, 186;
    %concati/vec4 3537686080, 0, 32;
    %concati/vec4 3064881248, 0, 32;
    %concati/vec4 93, 0, 7;
    %store/vec4 v0x560e8f8aac30_0, 0, 257;
    %pushi/vec4 0, 0, 1;
    %store/vec4 v0x560e8f8aa990_0, 0, 1;
    %pushi/vec4 1, 0, 8;
    %store/vec4 v0x560e8f8aa7a0_0, 0, 8;
    %fork TD_spi_controller_tb.write_byte, S_0x560e8f8aa320;
    %join;
    %pushi/vec4 85, 0, 8;
    %store/vec4 v0x560e8f8aa7a0_0, 0, 8;
    %fork TD_spi_controller_tb.write_byte, S_0x560e8f8aa320;
    %join;
    %pushi/vec4 85, 0, 8;
    %store/vec4 v0x560e8f8aa7a0_0, 0, 8;
    %fork TD_spi_controller_tb.write_byte, S_0x560e8f8aa320;
    %join;
    %fork TD_spi_controller_tb.tick, S_0x560e8f8aa180;
    %join;
    %fork TD_spi_controller_tb.tick, S_0x560e8f8aa180;
    %join;
    %pushi/vec4 1, 0, 1;
    %store/vec4 v0x560e8f8aa990_0, 0, 1;
    %delay 10, 0;
    %pushi/vec4 2329725130, 0, 250;
    %concati/vec4 100, 0, 7;
    %store/vec4 v0x560e8f8aac30_0, 0, 257;
    %delay 10, 0;
    %end;
    .thread T_4;
# The file index is used to find the file name in the following table.
:file_names 4;
    "N/A";
    "<interactive>";
    "./src/spi_controller_tb.v";
    "./src/spi_controller.v";
